 
****************************************
Report : timing
        -path full
        -delay max
        -max_paths 1
Design : MyDesign
Version: T-2022.03-SP4
Date   : Sat Nov 16 19:45:23 2024
****************************************

Operating Conditions: slow   Library: NangateOpenCellLibrary_PDKv1_2_v2008_10_slow_nldm
Wire Load Model Mode: top

  Startpoint: BSize_reg[7]
              (rising edge-triggered flip-flop clocked by clk)
  Endpoint: current_state_reg[0]
            (rising edge-triggered flip-flop clocked by clk)
  Path Group: clk
  Path Type: max

  Point                                    Incr       Path
  -----------------------------------------------------------
  clock clk (rise edge)                  0.0000     0.0000
  clock network delay (ideal)            0.0000     0.0000
  BSize_reg[7]/CK (DFF_X1)               0.0000     0.0000 r
  BSize_reg[7]/Q (DFF_X1)                0.5908     0.5908 f
  U3246/ZN (XNOR2_X1)                    0.2935     0.8843 f
  U5591/Z (CLKBUF_X3)                    0.2265     1.1107 f
  U4037/ZN (INV_X1)                      0.1819     1.2926 r
  U5881/ZN (NAND2_X1)                    0.0841     1.3766 f
  U5882/ZN (OAI21_X1)                    0.2974     1.6741 r
  U5887/ZN (NAND2_X1)                    0.1312     1.8053 f
  U4689/ZN (NAND2_X1)                    0.2020     2.0073 r
  U4687/ZN (NAND2_X1)                    0.0868     2.0941 f
  U4685/ZN (NAND2_X1)                    0.1840     2.2781 r
  U3609/ZN (INV_X1)                      0.0643     2.3423 f
  U2697/ZN (NAND2_X1)                    0.1418     2.4842 r
  U2666/ZN (NAND2_X1)                    0.0859     2.5701 f
  U2634/ZN (NAND2_X1)                    0.1773     2.7474 r
  U2607/ZN (XNOR2_X1)                    0.3493     3.0966 r
  U2590/ZN (XNOR2_X1)                    0.3787     3.4753 r
  U1703/ZN (INV_X1)                      0.0707     3.5460 f
  U2547/ZN (NAND2_X1)                    0.1799     3.7260 r
  U2538/ZN (NAND2_X1)                    0.1034     3.8294 f
  U1218/ZN (NAND3_X2)                    0.1940     4.0234 r
  U2499/ZN (INV_X1)                      0.0876     4.1110 f
  U6102/Z (XOR2_X1)                      0.3638     4.4748 f
  U2479/ZN (INV_X1)                      0.1424     4.6172 r
  U6103/ZN (NAND2_X1)                    0.0971     4.7144 f
  U6105/ZN (NOR3_X1)                     0.3354     5.0498 r
  U1317/ZN (NAND3_X2)                    0.1349     5.1846 f
  U1316/ZN (NOR2_X4)                     0.1263     5.3109 r
  U4394/ZN (NAND3_X2)                    0.0810     5.3918 f
  U1633/ZN (INV_X2)                      0.0744     5.4663 r
  U4261/ZN (NAND3_X2)                    0.0828     5.5491 f
  U1170/ZN (OAI211_X1)                   0.2612     5.8103 r
  U3069/ZN (NAND3_X2)                    0.1727     5.9829 f
  U4474/ZN (NAND2_X2)                    0.1385     6.1215 r
  U2366/ZN (INV_X2)                      0.0509     6.1724 f
  U2348/ZN (NAND3_X1)                    0.1605     6.3329 r
  U6190/ZN (NAND3_X1)                    0.1165     6.4494 f
  U4289/ZN (NAND2_X2)                    0.1641     6.6135 r
  U2324/ZN (INV_X2)                      0.0681     6.6816 f
  U4288/ZN (NAND2_X2)                    0.1011     6.7827 r
  U2289/ZN (NAND3_X1)                    0.0925     6.8752 f
  U4476/ZN (NAND4_X2)                    0.1886     7.0637 r
  U3180/ZN (NAND2_X1)                    0.0933     7.1570 f
  U2241/ZN (OR3_X1)                      0.4009     7.5579 f
  U6295/ZN (NAND3_X1)                    0.1490     7.7069 r
  U2202/ZN (XNOR2_X1)                    0.3448     8.0517 r
  U1534/ZN (NAND2_X1)                    0.1234     8.1751 f
  U4510/ZN (NAND2_X2)                    0.1621     8.3372 r
  U2126/ZN (INV_X1)                      0.0662     8.4034 f
  U2112/ZN (NAND2_X1)                    0.1222     8.5256 r
  U4536/ZN (NAND3_X2)                    0.1060     8.6316 f
  U1202/ZN (XNOR2_X2)                    0.2481     8.8796 f
  U1201/ZN (NAND3_X2)                    0.1466     9.0262 r
  U1488/ZN (NAND2_X2)                    0.0825     9.1087 f
  U1291/ZN (NOR2_X4)                     0.2020     9.3107 r
  U3110/ZN (INV_X4)                      0.0648     9.3755 f
  U6468/ZN (NAND2_X1)                    0.1234     9.4989 r
  U4535/ZN (NAND2_X2)                    0.0768     9.5757 f
  U1463/ZN (INV_X1)                      0.1027     9.6784 r
  U2002/ZN (NAND2_X2)                    0.0628     9.7412 f
  U1454/ZN (NAND2_X1)                    0.1404     9.8816 r
  U1969/ZN (NAND3_X1)                    0.0955     9.9771 f
  U4303/ZN (NAND3_X2)                    0.1192    10.0963 r
  U1947/ZN (INV_X2)                      0.0496    10.1458 f
  U3109/ZN (NAND2_X2)                    0.1479    10.2937 r
  U3108/ZN (NAND2_X2)                    0.0778    10.3716 f
  U3107/ZN (INV_X4)                      0.1011    10.4727 r
  U1909/ZN (NAND2_X1)                    0.0639    10.5366 f
  U4053/ZN (OAI21_X1)                    0.2579    10.7945 r
  U1884/ZN (INV_X2)                      0.0861    10.8807 f
  U1873/ZN (NAND2_X2)                    0.1376    11.0182 r
  U4867/ZN (NAND2_X1)                    0.0934    11.1116 f
  U1855/ZN (AND3_X1)                     0.2686    11.3803 f
  U4581/ZN (NAND4_X2)                    0.1360    11.5162 r
  U4302/ZN (NAND2_X2)                    0.0774    11.5937 f
  U3116/ZN (NAND3_X2)                    0.1684    11.7621 r
  U1306/ZN (NAND2_X4)                    0.1057    11.8678 f
  U1304/ZN (NAND3_X2)                    0.1388    12.0066 r
  U1128/ZN (NAND2_X1)                    0.0964    12.1029 f
  U1801/ZN (OAI21_X2)                    0.1879    12.2908 r
  U4262/ZN (NAND2_X2)                    0.1068    12.3976 f
  U3067/ZN (NAND2_X1)                    0.1916    12.5892 r
  U1378/ZN (OAI21_X1)                    0.1186    12.7079 f
  U1133/ZN (AOI21_X1)                    0.1917    12.8996 r
  U1780/ZN (NAND2_X1)                    0.1281    13.0277 f
  current_state_reg[0]/D (DFFR_X1)       0.0000    13.0277 f
  data arrival time                                13.0277

  clock clk (rise edge)                 13.5000    13.5000
  clock network delay (ideal)            0.0000    13.5000
  clock uncertainty                     -0.0500    13.4500
  current_state_reg[0]/CK (DFFR_X1)      0.0000    13.4500 r
  library setup time                    -0.4221    13.0279
  data required time                               13.0279
  -----------------------------------------------------------
  data required time                               13.0279
  data arrival time                               -13.0277
  -----------------------------------------------------------
  slack (MET)                                       0.0002


1
